<?xml version="1.0" encoding="UTF-8"?>
<!-- Generated by org.testng.reporters.JUnitReportReporter -->
<testsuite hostname="DESKTOP-SUOSCP1" name="com.qa.FreeCRM.homepage.ContactsPageTest" tests="3" failures="0" timestamp="9 Mar 2018 09:28:46 GMT" time="85.391" errors="0">
  <testcase name="getCRMData" time="30.994" classname="com.qa.FreeCRM.homepage.ContactsPageTest"/>
  <testcase name="getCRMData" time="28.516" classname="com.qa.FreeCRM.homepage.ContactsPageTest"/>
  <testcase name="getCRMData" time="25.881" classname="com.qa.FreeCRM.homepage.ContactsPageTest"/>
</testsuite> <!-- com.qa.FreeCRM.homepage.ContactsPageTest -->
