<?xml version="1.0" encoding="UTF-8"?>
<!-- Generated by org.testng.reporters.JUnitReportReporter -->
<testsuite hostname="DESKTOP-SUOSCP1" name="com.qa.FreeCRM.homepage.HomePageTest" tests="1" failures="0" timestamp="7 Apr 2018 12:49:24 GMT" time="37.113" errors="0">
  <testcase name="Datepick" time="37.113" classname="com.qa.FreeCRM.homepage.HomePageTest"/>
</testsuite> <!-- com.qa.FreeCRM.homepage.HomePageTest -->
