<?xml version="1.0" encoding="UTF-8"?>
<!-- Generated by org.testng.reporters.JUnitReportReporter -->
<testsuite hostname="DESKTOP-SUOSCP1" name="com.qa.FreeCRM.homepage.HomePageTest" tests="2" failures="0" timestamp="7 Mar 2018 15:53:56 GMT" time="36.466" errors="0">
  <testcase name="clickOnContactslinkTest" time="15.905" classname="com.qa.FreeCRM.homepage.HomePageTest"/>
  <testcase name="VerifyUser" time="20.561" classname="com.qa.FreeCRM.homepage.HomePageTest"/>
</testsuite> <!-- com.qa.FreeCRM.homepage.HomePageTest -->
