<?xml version="1.0" encoding="UTF-8"?>
<!-- Generated by org.testng.reporters.JUnitReportReporter -->
<testsuite hostname="DESKTOP-SUOSCP1" name="com.qa.FreeCRM.homepage.DealsPageTest" tests="1" failures="0" timestamp="9 Mar 2018 11:02:51 GMT" time="27.713" errors="0">
  <testcase name="fillNewDeals" time="27.713" classname="com.qa.FreeCRM.homepage.DealsPageTest"/>
</testsuite> <!-- com.qa.FreeCRM.homepage.DealsPageTest -->
