<?xml version="1.0" encoding="UTF-8"?>
<!-- Generated by org.testng.reporters.JUnitReportReporter -->
<testsuite hostname="DESKTOP-SUOSCP1" name="com.qa.FreeCRM.homepage.ScheduleCallPageTest" tests="1" failures="0" timestamp="22 Mar 2018 11:16:35 GMT" time="29.070" errors="0">
  <testcase name="SchedulecallPage" time="29.070" classname="com.qa.FreeCRM.homepage.ScheduleCallPageTest"/>
</testsuite> <!-- com.qa.FreeCRM.homepage.ScheduleCallPageTest -->
